<?xml version="1.0" encoding="UTF-8"?>
<coverage generated="1561626687418" clover="3.2.0">
  <project timestamp="1561626687418" name="All files">
    <metrics statements="37" coveredstatements="17" conditionals="11" coveredconditionals="1" methods="10" coveredmethods="2" elements="58" coveredelements="20" complexity="0" loc="37" ncloc="37" packages="4" files="9" classes="9">
      <package name="src">
        <metrics statements="15" coveredstatements="2" conditionals="2" coveredconditionals="0" methods="6" coveredmethods="1"/>
        <file name="App.vue" path="/Users/matthewacha/Documents/britcoreApps/favorite-things-front/src/App.vue">
          <metrics statements="6" coveredstatements="0" conditionals="2" coveredconditionals="0" methods="1" coveredmethods="0"/>
          <line num="28" count="0" type="stmt"/>
          <line num="30" count="0" type="stmt"/>
          <line num="35" count="0" type="cond" truecount="0" falsecount="2"/>
          <line num="38" count="0" type="stmt"/>
          <line num="39" count="0" type="stmt"/>
          <line num="40" count="0" type="stmt"/>
        </file>
        <file name="router.js" path="/Users/matthewacha/Documents/britcoreApps/favorite-things-front/src/router.js">
          <metrics statements="2" coveredstatements="2" conditionals="0" coveredconditionals="0" methods="1" coveredmethods="1"/>
          <line num="5" count="1" type="stmt"/>
          <line num="22" count="1" type="stmt"/>
        </file>
        <file name="store.js" path="/Users/matthewacha/Documents/britcoreApps/favorite-things-front/src/store.js">
          <metrics statements="7" coveredstatements="0" conditionals="0" coveredconditionals="0" methods="4" coveredmethods="0"/>
          <line num="1" count="0" type="stmt"/>
          <line num="2" count="0" type="stmt"/>
          <line num="4" count="0" type="stmt"/>
          <line num="13" count="0" type="stmt"/>
          <line num="16" count="0" type="stmt"/>
          <line num="21" count="0" type="stmt"/>
          <line num="24" count="0" type="stmt"/>
        </file>
      </package>
      <package name="src.components">
        <metrics statements="17" coveredstatements="13" conditionals="9" coveredconditionals="1" methods="3" coveredmethods="1"/>
        <file name="FavoriteList.vue" path="/Users/matthewacha/Documents/britcoreApps/favorite-things-front/src/components/FavoriteList.vue">
          <metrics statements="4" coveredstatements="1" conditionals="2" coveredconditionals="0" methods="1" coveredmethods="0"/>
          <line num="6" count="1" type="stmt"/>
          <line num="12" count="0" type="stmt"/>
          <line num="16" count="0" type="cond" truecount="0" falsecount="2"/>
          <line num="20" count="0" type="stmt"/>
        </file>
        <file name="Login.vue" path="/Users/matthewacha/Documents/britcoreApps/favorite-things-front/src/components/Login.vue">
          <metrics statements="13" coveredstatements="12" conditionals="7" coveredconditionals="1" methods="2" coveredmethods="1"/>
          <line num="19" count="1" type="stmt"/>
          <line num="20" count="1" type="stmt"/>
          <line num="27" count="3" type="stmt"/>
          <line num="30" count="0" type="cond" truecount="0" falsecount="5"/>
          <line num="37" count="2" type="cond" truecount="1" falsecount="1"/>
          <line num="38" count="2" type="stmt"/>
          <line num="41" count="2" type="stmt"/>
          <line num="42" count="2" type="stmt"/>
          <line num="43" count="1" type="stmt"/>
          <line num="44" count="1" type="stmt"/>
          <line num="45" count="1" type="stmt"/>
          <line num="47" count="1" type="stmt"/>
          <line num="48" count="1" type="stmt"/>
        </file>
      </package>
      <package name="src.services">
        <metrics statements="3" coveredstatements="0" conditionals="0" coveredconditionals="0" methods="1" coveredmethods="0"/>
        <file name="api.js" path="/Users/matthewacha/Documents/britcoreApps/favorite-things-front/src/services/api.js">
          <metrics statements="1" coveredstatements="0" conditionals="0" coveredconditionals="0" methods="1" coveredmethods="0"/>
          <line num="3" count="0" type="stmt"/>
        </file>
        <file name="userService.js" path="/Users/matthewacha/Documents/britcoreApps/favorite-things-front/src/services/userService.js">
          <metrics statements="2" coveredstatements="0" conditionals="0" coveredconditionals="0" methods="0" coveredmethods="0"/>
          <line num="5" count="0" type="stmt"/>
          <line num="6" count="0" type="stmt"/>
        </file>
      </package>
      <package name="src.views">
        <metrics statements="2" coveredstatements="2" conditionals="0" coveredconditionals="0" methods="0" coveredmethods="0"/>
        <file name="About.vue" path="/Users/matthewacha/Documents/britcoreApps/favorite-things-front/src/views/About.vue">
          <metrics statements="1" coveredstatements="1" conditionals="0" coveredconditionals="0" methods="0" coveredmethods="0"/>
          <line num="9" count="1" type="stmt"/>
        </file>
        <file name="Login.vue" path="/Users/matthewacha/Documents/britcoreApps/favorite-things-front/src/views/Login.vue">
          <metrics statements="1" coveredstatements="1" conditionals="0" coveredconditionals="0" methods="0" coveredmethods="0"/>
          <line num="9" count="1" type="stmt"/>
        </file>
      </package>
    </metrics>
  </project>
</coverage>
