{"/Users/matthewacha/Documents/britcoreApps/favorite-things-front/src/App.vue": {"path":"/Users/matthewacha/Documents/britcoreApps/favorite-things-front/src/App.vue","statementMap":{"0":{"start":{"line":8,"column":0},"end":{"line":null,"column":-1}},"1":{"start":{"line":9,"column":0},"end":{"line":null,"column":-1}},"2":{"start":{"line":14,"column":0},"end":{"line":null,"column":-1}},"3":{"start":{"line":24,"column":0},"end":{"line":null,"column":-1}},"4":{"start":{"line":27,"column":0},"end":{"line":null,"column":-1}},"5":{"start":{"line":28,"column":0},"end":{"line":null,"column":-1}},"6":{"start":{"line":32,"column":0},"end":{"line":39,"column":0}},"7":{"start":{"line":33,"column":0},"end":{"line":null,"column":-1}},"8":{"start":{"line":34,"column":0},"end":{"line":null,"column":-1}},"9":{"start":{"line":35,"column":0},"end":{"line":null,"column":-1}},"10":{"start":{"line":36,"column":0},"end":{"line":null,"column":-1}},"11":{"start":{"line":37,"column":0},"end":{"line":null,"column":-1}},"12":{"start":{"line":38,"column":0},"end":{"line":null,"column":-1}},"13":{"start":{"line":43,"column":0},"end":{"line":null,"column":-1}},"14":{"start":{"line":47,"column":0},"end":{"line":null,"column":-1}}},"fnMap":{"0":{"name":"(anonymous_2)","decl":{"start":{"line":14,"column":0},"end":{"line":null,"column":-1}},"loc":{"start":{"line":14,"column":0},"end":{"line":null,"column":-1}}},"1":{"name":"(anonymous_3)","decl":{"start":{"line":32,"column":0},"end":{"line":null,"column":-1}},"loc":{"start":{"line":32,"column":0},"end":{"line":39,"column":0}}}},"branchMap":{"0":{"loc":{"start":{"line":24,"column":0},"end":{"line":null,"column":-1}},"type":"cond-expr","locations":[{"start":{"line":24,"column":0},"end":{"line":null,"column":-1}},{"start":{"line":24,"column":0},"end":{"line":null,"column":-1}}]},"1":{"loc":{"start":{"line":43,"column":0},"end":{"line":null,"column":-1}},"type":"cond-expr","locations":[{"start":{"line":43,"column":0},"end":{"line":null,"column":-1}},{"start":{"line":43,"column":0},"end":{"line":null,"column":-1}}]}},"s":{"0":0,"1":0,"2":0,"3":0,"4":0,"5":0,"6":0,"7":0,"8":0,"9":0,"10":0,"11":0,"12":0,"13":0,"14":0},"f":{"0":0,"1":0},"b":{"0":[0,0],"1":[0,0]}}
,"/Users/matthewacha/Documents/britcoreApps/favorite-things-front/src/router.js": {"path":"/Users/matthewacha/Documents/britcoreApps/favorite-things-front/src/router.js","statementMap":{"0":{"start":{"line":1,"column":0},"end":{"line":null,"column":-1}},"1":{"start":{"line":2,"column":0},"end":{"line":null,"column":-1}},"2":{"start":{"line":3,"column":0},"end":{"line":null,"column":-1}},"3":{"start":{"line":5,"column":0},"end":{"line":null,"column":-1}},"4":{"start":{"line":22,"column":17},"end":{"line":null,"column":-1}}},"fnMap":{"0":{"name":"(anonymous_2)","decl":{"start":{"line":22,"column":17},"end":{"line":22,"column":65}},"loc":{"start":{"line":22,"column":17},"end":{"line":null,"column":-1}}}},"branchMap":{},"s":{"0":0,"1":0,"2":0,"3":0,"4":0},"f":{"0":0},"b":{}}
,"/Users/matthewacha/Documents/britcoreApps/favorite-things-front/src/store.js": {"path":"/Users/matthewacha/Documents/britcoreApps/favorite-things-front/src/store.js","statementMap":{"0":{"start":{"line":1,"column":0},"end":{"line":null,"column":-1}},"1":{"start":{"line":2,"column":0},"end":{"line":null,"column":-1}},"2":{"start":{"line":4,"column":0},"end":{"line":null,"column":-1}},"3":{"start":{"line":16,"column":24},"end":{"line":15,"column":11}},"4":{"start":{"line":18,"column":30},"end":{"line":18,"column":6}},"5":{"start":{"line":19,"column":6},"end":{"line":26,"column":7}},"6":{"start":{"line":20,"column":8},"end":{"line":null,"column":-1}},"7":{"start":{"line":22,"column":8},"end":{"line":null,"column":-1}},"8":{"start":{"line":23,"column":10},"end":{"line":null,"column":-1}},"9":{"start":{"line":24,"column":10},"end":{"line":null,"column":-1}},"10":{"start":{"line":27,"column":6},"end":{"line":null,"column":-1}},"11":{"start":{"line":27,"column":46},"end":{"line":27,"column":13}},"12":{"start":{"line":32,"column":6},"end":{"line":null,"column":-1}},"13":{"start":{"line":35,"column":6},"end":{"line":null,"column":-1}},"14":{"start":{"line":38,"column":6},"end":{"line":null,"column":-1}},"15":{"start":{"line":41,"column":18},"end":{"line":41,"column":6}},"16":{"start":{"line":42,"column":6},"end":{"line":null,"column":-1}},"17":{"start":{"line":45,"column":18},"end":{"line":45,"column":6}},"18":{"start":{"line":45,"column":52},"end":{"line":45,"column":18}},"19":{"start":{"line":46,"column":6},"end":{"line":null,"column":-1}},"20":{"start":{"line":49,"column":23},"end":{"line":49,"column":6}},"21":{"start":{"line":50,"column":8},"end":{"line":57,"column":9}},"22":{"start":{"line":51,"column":10},"end":{"line":null,"column":-1}},"23":{"start":{"line":52,"column":10},"end":{"line":null,"column":-1}},"24":{"start":{"line":53,"column":10},"end":{"line":null,"column":-1}},"25":{"start":{"line":54,"column":10},"end":{"line":null,"column":-1}},"26":{"start":{"line":55,"column":10},"end":{"line":null,"column":-1}},"27":{"start":{"line":56,"column":10},"end":{"line":null,"column":-1}},"28":{"start":{"line":58,"column":8},"end":{"line":null,"column":-1}},"29":{"start":{"line":60,"column":6},"end":{"line":null,"column":-1}},"30":{"start":{"line":61,"column":6},"end":{"line":null,"column":-1}},"31":{"start":{"line":64,"column":23},"end":{"line":64,"column":6}},"32":{"start":{"line":65,"column":25},"end":{"line":65,"column":8}},"33":{"start":{"line":66,"column":8},"end":{"line":null,"column":-1}},"34":{"start":{"line":67,"column":10},"end":{"line":null,"column":-1}},"35":{"start":{"line":69,"column":14},"end":{"line":null,"column":-1}},"36":{"start":{"line":71,"column":14},"end":{"line":null,"column":-1}},"37":{"start":{"line":73,"column":14},"end":{"line":null,"column":-1}},"38":{"start":{"line":76,"column":8},"end":{"line":null,"column":-1}},"39":{"start":{"line":78,"column":6},"end":{"line":null,"column":-1}},"40":{"start":{"line":79,"column":6},"end":{"line":null,"column":-1}},"41":{"start":{"line":82,"column":6},"end":{"line":null,"column":-1}},"42":{"start":{"line":87,"column":6},"end":{"line":null,"column":-1}},"43":{"start":{"line":90,"column":6},"end":{"line":null,"column":-1}},"44":{"start":{"line":93,"column":6},"end":{"line":null,"column":-1}},"45":{"start":{"line":96,"column":6},"end":{"line":null,"column":-1}},"46":{"start":{"line":99,"column":6},"end":{"line":null,"column":-1}},"47":{"start":{"line":102,"column":6},"end":{"line":null,"column":-1}},"48":{"start":{"line":105,"column":6},"end":{"line":null,"column":-1}},"49":{"start":{"line":108,"column":6},"end":{"line":null,"column":-1}}},"fnMap":{"0":{"name":"(anonymous_1)","decl":{"start":{"line":16,"column":15},"end":{"line":16,"column":19}},"loc":{"start":{"line":16,"column":24},"end":{"line":15,"column":11}}},"1":{"name":"(anonymous_2)","decl":{"start":{"line":17,"column":20},"end":{"line":17,"column":18}},"loc":{"start":{"line":17,"column":30},"end":{"line":28,"column":5}}},"2":{"name":"(anonymous_3)","decl":{"start":{"line":22,"column":53},"end":{"line":22,"column":51}},"loc":{"start":{"line":22,"column":62},"end":{"line":22,"column":28}}},"3":{"name":"(anonymous_4)","decl":{"start":{"line":27,"column":36},"end":{"line":27,"column":37}},"loc":{"start":{"line":27,"column":46},"end":{"line":27,"column":13}}},"4":{"name":"(anonymous_5)","decl":{"start":{"line":31,"column":10},"end":{"line":31,"column":11}},"loc":{"start":{"line":31,"column":27},"end":{"line":30,"column":13}}},"5":{"name":"(anonymous_6)","decl":{"start":{"line":34,"column":15},"end":{"line":34,"column":16}},"loc":{"start":{"line":34,"column":32},"end":{"line":30,"column":13}}},"6":{"name":"(anonymous_7)","decl":{"start":{"line":37,"column":19},"end":{"line":37,"column":20}},"loc":{"start":{"line":37,"column":36},"end":{"line":30,"column":13}}},"7":{"name":"(anonymous_8)","decl":{"start":{"line":40,"column":20},"end":{"line":40,"column":21}},"loc":{"start":{"line":40,"column":37},"end":{"line":30,"column":13}}},"8":{"name":"(anonymous_9)","decl":{"start":{"line":44,"column":19},"end":{"line":44,"column":20}},"loc":{"start":{"line":44,"column":36},"end":{"line":30,"column":13}}},"9":{"name":"(anonymous_10)","decl":{"start":{"line":45,"column":45},"end":{"line":45,"column":47}},"loc":{"start":{"line":45,"column":52},"end":{"line":45,"column":18}}},"10":{"name":"(anonymous_11)","decl":{"start":{"line":48,"column":20},"end":{"line":48,"column":21}},"loc":{"start":{"line":48,"column":37},"end":{"line":30,"column":13}}},"11":{"name":"(anonymous_12)","decl":{"start":{"line":49,"column":48},"end":{"line":49,"column":46}},"loc":{"start":{"line":49,"column":56},"end":{"line":49,"column":23}}},"12":{"name":"(anonymous_13)","decl":{"start":{"line":63,"column":15},"end":{"line":63,"column":16}},"loc":{"start":{"line":63,"column":32},"end":{"line":30,"column":13}}},"13":{"name":"(anonymous_14)","decl":{"start":{"line":64,"column":51},"end":{"line":64,"column":49}},"loc":{"start":{"line":64,"column":59},"end":{"line":64,"column":23}}},"14":{"name":"(anonymous_15)","decl":{"start":{"line":66,"column":31},"end":{"line":66,"column":29}},"loc":{"start":{"line":66,"column":44},"end":{"line":66,"column":21}}},"15":{"name":"(anonymous_16)","decl":{"start":{"line":81,"column":18},"end":{"line":81,"column":16}},"loc":{"start":{"line":81,"column":28},"end":{"line":83,"column":5}}},"16":{"name":"(anonymous_17)","decl":{"start":{"line":86,"column":10},"end":{"line":86,"column":11}},"loc":{"start":{"line":86,"column":32},"end":{"line":85,"column":11}}},"17":{"name":"(anonymous_18)","decl":{"start":{"line":89,"column":15},"end":{"line":89,"column":16}},"loc":{"start":{"line":89,"column":37},"end":{"line":85,"column":11}}},"18":{"name":"(anonymous_19)","decl":{"start":{"line":92,"column":19},"end":{"line":92,"column":20}},"loc":{"start":{"line":92,"column":41},"end":{"line":85,"column":11}}},"19":{"name":"(anonymous_20)","decl":{"start":{"line":95,"column":20},"end":{"line":95,"column":21}},"loc":{"start":{"line":95,"column":42},"end":{"line":85,"column":11}}},"20":{"name":"(anonymous_21)","decl":{"start":{"line":98,"column":19},"end":{"line":98,"column":20}},"loc":{"start":{"line":98,"column":41},"end":{"line":85,"column":11}}},"21":{"name":"(anonymous_22)","decl":{"start":{"line":101,"column":20},"end":{"line":101,"column":21}},"loc":{"start":{"line":101,"column":42},"end":{"line":85,"column":11}}},"22":{"name":"(anonymous_23)","decl":{"start":{"line":104,"column":15},"end":{"line":104,"column":16}},"loc":{"start":{"line":104,"column":37},"end":{"line":85,"column":11}}},"23":{"name":"(anonymous_24)","decl":{"start":{"line":107,"column":17},"end":{"line":107,"column":18}},"loc":{"start":{"line":107,"column":33},"end":{"line":109,"column":5}}}},"branchMap":{"0":{"loc":{"start":{"line":19,"column":6},"end":{"line":26,"column":7}},"type":"if","locations":[{"start":{"line":19,"column":6},"end":{"line":26,"column":7}},{"start":{"line":19,"column":6},"end":{"line":26,"column":7}}]},"1":{"loc":{"start":{"line":50,"column":8},"end":{"line":57,"column":9}},"type":"if","locations":[{"start":{"line":50,"column":8},"end":{"line":57,"column":9}},{"start":{"line":50,"column":8},"end":{"line":57,"column":9}}]},"2":{"loc":{"start":{"line":68,"column":12},"end":{"line":69,"column":14}},"type":"switch","locations":[{"start":{"line":68,"column":12},"end":{"line":69,"column":14}},{"start":{"line":70,"column":12},"end":{"line":71,"column":14}},{"start":{"line":72,"column":12},"end":{"line":73,"column":14}}]}},"s":{"0":0,"1":0,"2":0,"3":0,"4":0,"5":0,"6":0,"7":0,"8":0,"9":0,"10":0,"11":0,"12":0,"13":0,"14":0,"15":0,"16":0,"17":0,"18":0,"19":0,"20":0,"21":0,"22":0,"23":0,"24":0,"25":0,"26":0,"27":0,"28":0,"29":0,"30":0,"31":0,"32":0,"33":0,"34":0,"35":0,"36":0,"37":0,"38":0,"39":0,"40":0,"41":0,"42":0,"43":0,"44":0,"45":0,"46":0,"47":0,"48":0,"49":0},"f":{"0":0,"1":0,"2":0,"3":0,"4":0,"5":0,"6":0,"7":0,"8":0,"9":0,"10":0,"11":0,"12":0,"13":0,"14":0,"15":0,"16":0,"17":0,"18":0,"19":0,"20":0,"21":0,"22":0,"23":0},"b":{"0":[0,0],"1":[0,0],"2":[0,0,0]}}
,"/Users/matthewacha/Documents/britcoreApps/favorite-things-front/src/components/FavoriteDashboard.vue": {"path":"/Users/matthewacha/Documents/britcoreApps/favorite-things-front/src/components/FavoriteDashboard.vue","statementMap":{"0":{"start":{"line":61,"column":0},"end":{"line":null,"column":-1}},"1":{"start":{"line":62,"column":0},"end":{"line":null,"column":-1}},"2":{"start":{"line":63,"column":0},"end":{"line":null,"column":-1}},"3":{"start":{"line":64,"column":0},"end":{"line":null,"column":-1}},"4":{"start":{"line":65,"column":0},"end":{"line":null,"column":-1}},"5":{"start":{"line":66,"column":0},"end":{"line":null,"column":-1}},"6":{"start":{"line":77,"column":0},"end":{"line":null,"column":-1}},"7":{"start":{"line":87,"column":0},"end":{"line":90,"column":0}},"8":{"start":{"line":88,"column":0},"end":{"line":null,"column":-1}},"9":{"start":{"line":89,"column":0},"end":{"line":null,"column":-1}},"10":{"start":{"line":92,"column":0},"end":{"line":94,"column":0}},"11":{"start":{"line":93,"column":0},"end":{"line":null,"column":-1}},"12":{"start":{"line":96,"column":0},"end":{"line":99,"column":0}},"13":{"start":{"line":97,"column":0},"end":{"line":null,"column":-1}},"14":{"start":{"line":98,"column":0},"end":{"line":null,"column":-1}},"15":{"start":{"line":102,"column":0},"end":{"line":104,"column":0}},"16":{"start":{"line":103,"column":0},"end":{"line":null,"column":-1}},"17":{"start":{"line":107,"column":0},"end":{"line":null,"column":-1}},"18":{"start":{"line":108,"column":0},"end":{"line":null,"column":-1}},"19":{"start":{"line":109,"column":0},"end":{"line":null,"column":-1}},"20":{"start":{"line":113,"column":0},"end":{"line":null,"column":-1}},"21":{"start":{"line":114,"column":0},"end":{"line":null,"column":-1}},"22":{"start":{"line":115,"column":0},"end":{"line":null,"column":-1}},"23":{"start":{"line":118,"column":0},"end":{"line":134,"column":0}},"24":{"start":{"line":119,"column":0},"end":{"line":null,"column":-1}},"25":{"start":{"line":127,"column":0},"end":{"line":133,"column":0}},"26":{"start":{"line":128,"column":0},"end":{"line":null,"column":-1}},"27":{"start":{"line":137,"column":0},"end":{"line":null,"column":-1}},"28":{"start":{"line":138,"column":0},"end":{"line":null,"column":-1}},"29":{"start":{"line":141,"column":0},"end":{"line":null,"column":-1}},"30":{"start":{"line":144,"column":0},"end":{"line":null,"column":-1}},"31":{"start":{"line":149,"column":0},"end":{"line":null,"column":-1}},"32":{"start":{"line":153,"column":0},"end":{"line":null,"column":-1}},"33":{"start":{"line":156,"column":0},"end":{"line":null,"column":-1}},"34":{"start":{"line":157,"column":0},"end":{"line":null,"column":-1}},"35":{"start":{"line":160,"column":0},"end":{"line":null,"column":-1}},"36":{"start":{"line":161,"column":0},"end":{"line":null,"column":-1}}},"fnMap":{"0":{"name":"(anonymous_2)","decl":{"start":{"line":87,"column":0},"end":{"line":null,"column":-1}},"loc":{"start":{"line":87,"column":0},"end":{"line":90,"column":0}}},"1":{"name":"(anonymous_3)","decl":{"start":{"line":92,"column":0},"end":{"line":null,"column":-1}},"loc":{"start":{"line":92,"column":0},"end":{"line":94,"column":0}}},"2":{"name":"(anonymous_4)","decl":{"start":{"line":96,"column":0},"end":{"line":null,"column":-1}},"loc":{"start":{"line":96,"column":0},"end":{"line":99,"column":0}}},"3":{"name":"(anonymous_5)","decl":{"start":{"line":102,"column":0},"end":{"line":null,"column":-1}},"loc":{"start":{"line":102,"column":0},"end":{"line":104,"column":0}}}},"branchMap":{"0":{"loc":{"start":{"line":118,"column":0},"end":{"line":134,"column":0}},"type":"if","locations":[{"start":{"line":118,"column":0},"end":{"line":134,"column":0}},{"start":{"line":118,"column":0},"end":{"line":134,"column":0}}]},"1":{"loc":{"start":{"line":149,"column":0},"end":{"line":null,"column":-1}},"type":"cond-expr","locations":[{"start":{"line":149,"column":0},"end":{"line":null,"column":-1}},{"start":{"line":149,"column":0},"end":{"line":null,"column":-1}}]}},"s":{"0":0,"1":0,"2":0,"3":0,"4":0,"5":0,"6":0,"7":0,"8":0,"9":0,"10":0,"11":0,"12":0,"13":0,"14":0,"15":0,"16":0,"17":0,"18":0,"19":0,"20":0,"21":0,"22":0,"23":0,"24":0,"25":0,"26":0,"27":0,"28":0,"29":0,"30":0,"31":0,"32":0,"33":0,"34":0,"35":0,"36":0},"f":{"0":0,"1":0,"2":0,"3":0},"b":{"0":[0,0],"1":[0,0]}}
,"/Users/matthewacha/Documents/britcoreApps/favorite-things-front/src/components/FavoriteList.vue": {"path":"/Users/matthewacha/Documents/britcoreApps/favorite-things-front/src/components/FavoriteList.vue","statementMap":{"0":{"start":{"line":23,"column":0},"end":{"line":null,"column":-1}},"1":{"start":{"line":24,"column":0},"end":{"line":null,"column":-1}},"2":{"start":{"line":31,"column":0},"end":{"line":null,"column":-1}},"3":{"start":{"line":34,"column":0},"end":{"line":null,"column":-1}},"4":{"start":{"line":35,"column":0},"end":{"line":null,"column":-1}},"5":{"start":{"line":36,"column":0},"end":{"line":42,"column":0}},"6":{"start":{"line":37,"column":0},"end":{"line":null,"column":-1}},"7":{"start":{"line":39,"column":0},"end":{"line":null,"column":-1}},"8":{"start":{"line":41,"column":0},"end":{"line":null,"column":-1}},"9":{"start":{"line":45,"column":0},"end":{"line":null,"column":-1}},"10":{"start":{"line":46,"column":0},"end":{"line":null,"column":-1}}},"fnMap":{"0":{"name":"(anonymous_2)","decl":{"start":{"line":31,"column":0},"end":{"line":null,"column":-1}},"loc":{"start":{"line":31,"column":0},"end":{"line":null,"column":-1}}}},"branchMap":{},"s":{"0":0,"1":0,"2":0,"3":0,"4":0,"5":0,"6":0,"7":0,"8":0,"9":0,"10":0},"f":{"0":0},"b":{}}
,"/Users/matthewacha/Documents/britcoreApps/favorite-things-front/src/components/FavoritesForm.vue": {"path":"/Users/matthewacha/Documents/britcoreApps/favorite-things-front/src/components/FavoritesForm.vue","statementMap":{"0":{"start":{"line":60,"column":0},"end":{"line":null,"column":-1}},"1":{"start":{"line":61,"column":0},"end":{"line":null,"column":-1}},"2":{"start":{"line":67,"column":0},"end":{"line":77,"column":0}},"3":{"start":{"line":68,"column":0},"end":{"line":null,"column":-1}},"4":{"start":{"line":69,"column":0},"end":{"line":null,"column":-1}},"5":{"start":{"line":70,"column":0},"end":{"line":null,"column":-1}},"6":{"start":{"line":71,"column":0},"end":{"line":null,"column":-1}},"7":{"start":{"line":72,"column":0},"end":{"line":null,"column":-1}},"8":{"start":{"line":73,"column":0},"end":{"line":null,"column":-1}},"9":{"start":{"line":74,"column":0},"end":{"line":null,"column":-1}},"10":{"start":{"line":75,"column":0},"end":{"line":null,"column":-1}},"11":{"start":{"line":76,"column":0},"end":{"line":null,"column":-1}},"12":{"start":{"line":80,"column":0},"end":{"line":null,"column":-1}},"13":{"start":{"line":93,"column":0},"end":{"line":null,"column":-1}},"14":{"start":{"line":98,"column":0},"end":{"line":null,"column":-1}},"15":{"start":{"line":111,"column":0},"end":{"line":145,"column":0}},"16":{"start":{"line":112,"column":0},"end":{"line":null,"column":-1}},"17":{"start":{"line":121,"column":0},"end":{"line":144,"column":0}},"18":{"start":{"line":122,"column":0},"end":{"line":140,"column":0}},"19":{"start":{"line":123,"column":0},"end":{"line":null,"column":-1}},"20":{"start":{"line":124,"column":0},"end":{"line":null,"column":-1}},"21":{"start":{"line":125,"column":0},"end":{"line":null,"column":-1}},"22":{"start":{"line":128,"column":0},"end":{"line":null,"column":-1}},"23":{"start":{"line":132,"column":0},"end":{"line":null,"column":-1}},"24":{"start":{"line":133,"column":0},"end":{"line":null,"column":-1}},"25":{"start":{"line":134,"column":0},"end":{"line":null,"column":-1}},"26":{"start":{"line":135,"column":0},"end":{"line":null,"column":-1}},"27":{"start":{"line":136,"column":0},"end":{"line":null,"column":-1}},"28":{"start":{"line":137,"column":0},"end":{"line":null,"column":-1}},"29":{"start":{"line":138,"column":0},"end":{"line":null,"column":-1}},"30":{"start":{"line":141,"column":0},"end":{"line":null,"column":-1}},"31":{"start":{"line":149,"column":0},"end":{"line":null,"column":-1}},"32":{"start":{"line":150,"column":0},"end":{"line":null,"column":-1}},"33":{"start":{"line":151,"column":0},"end":{"line":null,"column":-1}},"34":{"start":{"line":152,"column":0},"end":{"line":null,"column":-1}},"35":{"start":{"line":153,"column":0},"end":{"line":null,"column":-1}},"36":{"start":{"line":154,"column":0},"end":{"line":null,"column":-1}},"37":{"start":{"line":155,"column":0},"end":{"line":null,"column":-1}},"38":{"start":{"line":156,"column":0},"end":{"line":null,"column":-1}},"39":{"start":{"line":157,"column":0},"end":{"line":null,"column":-1}},"40":{"start":{"line":158,"column":0},"end":{"line":null,"column":-1}},"41":{"start":{"line":161,"column":0},"end":{"line":null,"column":-1}}},"fnMap":{"0":{"name":"(anonymous_2)","decl":{"start":{"line":67,"column":0},"end":{"line":null,"column":-1}},"loc":{"start":{"line":67,"column":0},"end":{"line":77,"column":0}}},"1":{"name":"(anonymous_3)","decl":{"start":{"line":93,"column":0},"end":{"line":null,"column":-1}},"loc":{"start":{"line":93,"column":0},"end":{"line":null,"column":-1}}},"2":{"name":"(anonymous_5)","decl":{"start":{"line":98,"column":0},"end":{"line":null,"column":-1}},"loc":{"start":{"line":98,"column":0},"end":{"line":null,"column":-1}}}},"branchMap":{"0":{"loc":{"start":{"line":92,"column":0},"end":{"line":null,"column":-1}},"type":"binary-expr","locations":[{"start":{"line":92,"column":0},"end":{"line":null,"column":-1}},{"start":{"line":92,"column":0},"end":{"line":null,"column":-1}}]},"1":{"loc":{"start":{"line":93,"column":0},"end":{"line":null,"column":-1}},"type":"binary-expr","locations":[{"start":{"line":93,"column":0},"end":{"line":null,"column":-1}},{"start":{"line":93,"column":0},"end":{"line":null,"column":-1}}]},"2":{"loc":{"start":{"line":93,"column":0},"end":{"line":null,"column":-1}},"type":"binary-expr","locations":[{"start":{"line":93,"column":0},"end":{"line":null,"column":-1}},{"start":{"line":93,"column":0},"end":{"line":null,"column":-1}},{"start":{"line":93,"column":0},"end":{"line":null,"column":-1}}]},"3":{"loc":{"start":{"line":98,"column":0},"end":{"line":null,"column":-1}},"type":"binary-expr","locations":[{"start":{"line":98,"column":0},"end":{"line":null,"column":-1}},{"start":{"line":98,"column":0},"end":{"line":null,"column":-1}}]},"4":{"loc":{"start":{"line":98,"column":0},"end":{"line":null,"column":-1}},"type":"binary-expr","locations":[{"start":{"line":98,"column":0},"end":{"line":null,"column":-1}},{"start":{"line":98,"column":0},"end":{"line":null,"column":-1}},{"start":{"line":98,"column":0},"end":{"line":null,"column":-1}}]},"5":{"loc":{"start":{"line":111,"column":0},"end":{"line":145,"column":0}},"type":"if","locations":[{"start":{"line":111,"column":0},"end":{"line":145,"column":0}},{"start":{"line":111,"column":0},"end":{"line":145,"column":0}}]},"6":{"loc":{"start":{"line":122,"column":0},"end":{"line":140,"column":0}},"type":"if","locations":[{"start":{"line":122,"column":0},"end":{"line":140,"column":0}},{"start":{"line":122,"column":0},"end":{"line":140,"column":0}}]}},"s":{"0":0,"1":0,"2":0,"3":0,"4":0,"5":0,"6":0,"7":0,"8":0,"9":0,"10":0,"11":0,"12":0,"13":0,"14":0,"15":0,"16":0,"17":0,"18":0,"19":0,"20":0,"21":0,"22":0,"23":0,"24":0,"25":0,"26":0,"27":0,"28":0,"29":0,"30":0,"31":0,"32":0,"33":0,"34":0,"35":0,"36":0,"37":0,"38":0,"39":0,"40":0,"41":0},"f":{"0":0,"1":0,"2":0},"b":{"0":[0,0],"1":[0,0],"2":[0,0,0],"3":[0,0],"4":[0,0,0],"5":[0,0],"6":[0,0]}}
,"/Users/matthewacha/Documents/britcoreApps/favorite-things-front/src/components/FilterPane.vue": {"path":"/Users/matthewacha/Documents/britcoreApps/favorite-things-front/src/components/FilterPane.vue","statementMap":{"0":{"start":{"line":40,"column":0},"end":{"line":null,"column":-1}},"1":{"start":{"line":44,"column":0},"end":{"line":null,"column":-1}},"2":{"start":{"line":56,"column":0},"end":{"line":null,"column":-1}},"3":{"start":{"line":57,"column":0},"end":{"line":null,"column":-1}},"4":{"start":{"line":58,"column":0},"end":{"line":63,"column":0}},"5":{"start":{"line":59,"column":0},"end":{"line":null,"column":-1}},"6":{"start":{"line":64,"column":0},"end":{"line":null,"column":-1}},"7":{"start":{"line":67,"column":0},"end":{"line":null,"column":-1}},"8":{"start":{"line":68,"column":0},"end":{"line":null,"column":-1}}},"fnMap":{"0":{"name":"(anonymous_1)","decl":{"start":{"line":44,"column":0},"end":{"line":null,"column":-1}},"loc":{"start":{"line":44,"column":0},"end":{"line":null,"column":-1}}},"1":{"name":"(anonymous_2)","decl":{"start":{"line":58,"column":0},"end":{"line":null,"column":-1}},"loc":{"start":{"line":58,"column":0},"end":{"line":63,"column":0}}}},"branchMap":{},"s":{"0":0,"1":0,"2":0,"3":0,"4":0,"5":0,"6":0,"7":0,"8":0},"f":{"0":0,"1":0},"b":{}}
,"/Users/matthewacha/Documents/britcoreApps/favorite-things-front/src/components/FormMetaData.js": {"path":"/Users/matthewacha/Documents/britcoreApps/favorite-things-front/src/components/FormMetaData.js","statementMap":{"0":{"start":{"line":10,"column":13},"end":{"line":9,"column":13}},"1":{"start":{"line":11,"column":14},"end":{"line":9,"column":13}},"2":{"start":{"line":22,"column":13},"end":{"line":21,"column":13}},"3":{"start":{"line":23,"column":14},"end":{"line":21,"column":13}}},"fnMap":{"0":{"name":"(anonymous_0)","decl":{"start":{"line":10,"column":8},"end":{"line":10,"column":9}},"loc":{"start":{"line":10,"column":13},"end":{"line":9,"column":13}}},"1":{"name":"(anonymous_1)","decl":{"start":{"line":11,"column":8},"end":{"line":11,"column":9}},"loc":{"start":{"line":11,"column":14},"end":{"line":9,"column":13}}},"2":{"name":"(anonymous_2)","decl":{"start":{"line":22,"column":8},"end":{"line":22,"column":9}},"loc":{"start":{"line":22,"column":13},"end":{"line":21,"column":13}}},"3":{"name":"(anonymous_3)","decl":{"start":{"line":23,"column":8},"end":{"line":23,"column":9}},"loc":{"start":{"line":23,"column":14},"end":{"line":21,"column":13}}}},"branchMap":{"0":{"loc":{"start":{"line":10,"column":13},"end":{"line":10,"column":12}},"type":"binary-expr","locations":[{"start":{"line":10,"column":13},"end":{"line":10,"column":12}},{"start":{"line":10,"column":20},"end":{"line":9,"column":13}}]},"1":{"loc":{"start":{"line":11,"column":14},"end":{"line":11,"column":15}},"type":"binary-expr","locations":[{"start":{"line":11,"column":14},"end":{"line":11,"column":15}},{"start":{"line":11,"column":19},"end":{"line":11,"column":13}},{"start":{"line":11,"column":38},"end":{"line":9,"column":13}}]},"2":{"loc":{"start":{"line":22,"column":13},"end":{"line":22,"column":12}},"type":"binary-expr","locations":[{"start":{"line":22,"column":13},"end":{"line":22,"column":12}},{"start":{"line":22,"column":20},"end":{"line":21,"column":13}}]},"3":{"loc":{"start":{"line":23,"column":14},"end":{"line":23,"column":15}},"type":"binary-expr","locations":[{"start":{"line":23,"column":14},"end":{"line":23,"column":15}},{"start":{"line":23,"column":19},"end":{"line":23,"column":13}},{"start":{"line":24,"column":13},"end":{"line":21,"column":13}}]}},"s":{"0":0,"1":0,"2":0,"3":0},"f":{"0":0,"1":0,"2":0,"3":0},"b":{"0":[0,0],"1":[0,0,0],"2":[0,0],"3":[0,0,0]}}
,"/Users/matthewacha/Documents/britcoreApps/favorite-things-front/src/components/Login.vue": {"path":"/Users/matthewacha/Documents/britcoreApps/favorite-things-front/src/components/Login.vue","statementMap":{"0":{"start":{"line":19,"column":0},"end":{"line":null,"column":-1}},"1":{"start":{"line":20,"column":0},"end":{"line":null,"column":-1}},"2":{"start":{"line":25,"column":0},"end":{"line":null,"column":-1}},"3":{"start":{"line":28,"column":0},"end":{"line":null,"column":-1}},"4":{"start":{"line":35,"column":0},"end":{"line":47,"column":0}},"5":{"start":{"line":36,"column":0},"end":{"line":null,"column":-1}},"6":{"start":{"line":39,"column":0},"end":{"line":46,"column":0}},"7":{"start":{"line":40,"column":0},"end":{"line":null,"column":-1}},"8":{"start":{"line":41,"column":0},"end":{"line":null,"column":-1}},"9":{"start":{"line":42,"column":0},"end":{"line":null,"column":-1}},"10":{"start":{"line":43,"column":0},"end":{"line":null,"column":-1}},"11":{"start":{"line":45,"column":0},"end":{"line":null,"column":-1}}},"fnMap":{"0":{"name":"(anonymous_2)","decl":{"start":{"line":25,"column":0},"end":{"line":null,"column":-1}},"loc":{"start":{"line":25,"column":0},"end":{"line":null,"column":-1}}},"1":{"name":"(anonymous_3)","decl":{"start":{"line":28,"column":0},"end":{"line":null,"column":-1}},"loc":{"start":{"line":28,"column":0},"end":{"line":null,"column":-1}}}},"branchMap":{"0":{"loc":{"start":{"line":28,"column":0},"end":{"line":null,"column":-1}},"type":"binary-expr","locations":[{"start":{"line":28,"column":0},"end":{"line":null,"column":-1}},{"start":{"line":28,"column":0},"end":{"line":null,"column":-1}}]},"1":{"loc":{"start":{"line":28,"column":0},"end":{"line":null,"column":-1}},"type":"binary-expr","locations":[{"start":{"line":28,"column":0},"end":{"line":null,"column":-1}},{"start":{"line":28,"column":0},"end":{"line":null,"column":-1}},{"start":{"line":28,"column":0},"end":{"line":null,"column":-1}}]},"2":{"loc":{"start":{"line":35,"column":0},"end":{"line":47,"column":0}},"type":"if","locations":[{"start":{"line":35,"column":0},"end":{"line":47,"column":0}},{"start":{"line":35,"column":0},"end":{"line":47,"column":0}}]}},"s":{"0":0,"1":0,"2":0,"3":0,"4":0,"5":0,"6":0,"7":0,"8":0,"9":0,"10":0,"11":0},"f":{"0":0,"1":0},"b":{"0":[0,0],"1":[0,0,0],"2":[0,0]}}
,"/Users/matthewacha/Documents/britcoreApps/favorite-things-front/src/services/api.js": {"path":"/Users/matthewacha/Documents/britcoreApps/favorite-things-front/src/services/api.js","statementMap":{"0":{"start":{"line":1,"column":0},"end":{"line":null,"column":-1}}},"fnMap":{},"branchMap":{},"s":{"0":0},"f":{},"b":{}}
,"/Users/matthewacha/Documents/britcoreApps/favorite-things-front/src/services/favoriteService.js": {"path":"/Users/matthewacha/Documents/britcoreApps/favorite-things-front/src/services/favoriteService.js","statementMap":{"0":{"start":{"line":1,"column":0},"end":{"line":null,"column":-1}},"1":{"start":{"line":5,"column":21},"end":{"line":5,"column":4}},"2":{"start":{"line":6,"column":4},"end":{"line":null,"column":-1}},"3":{"start":{"line":9,"column":21},"end":{"line":9,"column":4}},"4":{"start":{"line":10,"column":4},"end":{"line":null,"column":-1}},"5":{"start":{"line":13,"column":21},"end":{"line":13,"column":4}},"6":{"start":{"line":16,"column":4},"end":{"line":null,"column":-1}},"7":{"start":{"line":19,"column":21},"end":{"line":19,"column":4}},"8":{"start":{"line":20,"column":4},"end":{"line":null,"column":-1}}},"fnMap":{},"branchMap":{},"s":{"0":0,"1":0,"2":0,"3":0,"4":0,"5":0,"6":0,"7":0,"8":0},"f":{},"b":{}}
,"/Users/matthewacha/Documents/britcoreApps/favorite-things-front/src/services/userService.js": {"path":"/Users/matthewacha/Documents/britcoreApps/favorite-things-front/src/services/userService.js","statementMap":{"0":{"start":{"line":1,"column":0},"end":{"line":null,"column":-1}},"1":{"start":{"line":5,"column":17},"end":{"line":5,"column":4}},"2":{"start":{"line":6,"column":4},"end":{"line":null,"column":-1}}},"fnMap":{},"branchMap":{},"s":{"0":0,"1":0,"2":0},"f":{},"b":{}}
,"/Users/matthewacha/Documents/britcoreApps/favorite-things-front/src/views/BaseFavorites.vue": {"path":"/Users/matthewacha/Documents/britcoreApps/favorite-things-front/src/views/BaseFavorites.vue","statementMap":{"0":{"start":{"line":9,"column":0},"end":{"line":null,"column":-1}}},"fnMap":{},"branchMap":{},"s":{"0":0},"f":{},"b":{}}
,"/Users/matthewacha/Documents/britcoreApps/favorite-things-front/src/views/Login.vue": {"path":"/Users/matthewacha/Documents/britcoreApps/favorite-things-front/src/views/Login.vue","statementMap":{"0":{"start":{"line":9,"column":0},"end":{"line":null,"column":-1}}},"fnMap":{},"branchMap":{},"s":{"0":0},"f":{},"b":{}}
,"/Users/matthewacha/Documents/britcoreApps/favorite-things-front/src/views/TheNavbar.vue": {"path":"/Users/matthewacha/Documents/britcoreApps/favorite-things-front/src/views/TheNavbar.vue","statementMap":{"0":{"start":{"line":17,"column":0},"end":{"line":null,"column":-1}},"1":{"start":{"line":21,"column":0},"end":{"line":null,"column":-1}},"2":{"start":{"line":27,"column":0},"end":{"line":null,"column":-1}},"3":{"start":{"line":29,"column":0},"end":{"line":null,"column":-1}}},"fnMap":{"0":{"name":"(anonymous_1)","decl":{"start":{"line":21,"column":0},"end":{"line":null,"column":-1}},"loc":{"start":{"line":21,"column":0},"end":{"line":null,"column":-1}}},"1":{"name":"(anonymous_2)","decl":{"start":{"line":29,"column":0},"end":{"line":null,"column":-1}},"loc":{"start":{"line":29,"column":0},"end":{"line":null,"column":-1}}}},"branchMap":{},"s":{"0":0,"1":0,"2":0,"3":0},"f":{"0":0,"1":0},"b":{}}
}
