{"/Users/matthewacha/Documents/britcoreApps/favorite-things-front/src/App.vue": {"path":"/Users/matthewacha/Documents/britcoreApps/favorite-things-front/src/App.vue","statementMap":{"0":{"start":{"line":8,"column":0},"end":{"line":8,"column":null}},"1":{"start":{"line":9,"column":0},"end":{"line":9,"column":null}},"2":{"start":{"line":15,"column":0},"end":{"line":15,"column":null}},"3":{"start":{"line":25,"column":0},"end":{"line":25,"column":null}},"4":{"start":{"line":28,"column":0},"end":{"line":28,"column":null}},"5":{"start":{"line":29,"column":0},"end":{"line":29,"column":null}},"6":{"start":{"line":32,"column":0},"end":{"line":32,"column":null}},"7":{"start":{"line":33,"column":0},"end":{"line":40,"column":null}},"8":{"start":{"line":34,"column":0},"end":{"line":34,"column":null}},"9":{"start":{"line":35,"column":0},"end":{"line":35,"column":null}},"10":{"start":{"line":36,"column":0},"end":{"line":36,"column":null}},"11":{"start":{"line":37,"column":0},"end":{"line":37,"column":null}},"12":{"start":{"line":38,"column":0},"end":{"line":38,"column":null}},"13":{"start":{"line":39,"column":0},"end":{"line":39,"column":null}},"14":{"start":{"line":44,"column":0},"end":{"line":44,"column":null}},"15":{"start":{"line":48,"column":0},"end":{"line":48,"column":null}}},"fnMap":{"0":{"name":"data","decl":{"start":{"line":15,"column":0},"end":{"line":15,"column":null}},"loc":{"start":{"line":15,"column":0},"end":{"line":15,"column":null}}},"1":{"name":"getError","decl":{"start":{"line":24,"column":0},"end":{"line":24,"column":null}},"loc":{"start":{"line":24,"column":0},"end":{"line":30,"column":null}}},"2":{"name":"beforeUpdate","decl":{"start":{"line":32,"column":0},"end":{"line":32,"column":null}},"loc":{"start":{"line":32,"column":0},"end":{"line":41,"column":null}}},"3":{"name":"(anonymous_6)","decl":{"start":{"line":33,"column":0},"end":{"line":33,"column":null}},"loc":{"start":{"line":33,"column":0},"end":{"line":40,"column":null}}},"4":{"name":"userObject","decl":{"start":{"line":43,"column":0},"end":{"line":43,"column":null}},"loc":{"start":{"line":43,"column":0},"end":{"line":49,"column":null}}}},"branchMap":{"0":{"loc":{"start":{"line":25,"column":0},"end":{"line":25,"column":null}},"type":"cond-expr","locations":[{"start":{"line":25,"column":0},"end":{"line":25,"column":null}},{"start":{"line":25,"column":0},"end":{"line":25,"column":null}}]},"1":{"loc":{"start":{"line":44,"column":0},"end":{"line":44,"column":null}},"type":"cond-expr","locations":[{"start":{"line":44,"column":0},"end":{"line":44,"column":null}},{"start":{"line":44,"column":0},"end":{"line":44,"column":null}}]}},"s":{"0":0,"1":0,"2":0,"3":0,"4":0,"5":0,"6":0,"7":0,"8":0,"9":0,"10":0,"11":0,"12":0,"13":0,"14":0,"15":0},"f":{"0":0,"1":0,"2":0,"3":0,"4":0},"b":{"0":[0,0],"1":[0,0]}}
,"/Users/matthewacha/Documents/britcoreApps/favorite-things-front/src/router.js": {"path":"/Users/matthewacha/Documents/britcoreApps/favorite-things-front/src/router.js","statementMap":{"0":{"start":{"line":5,"column":0},"end":{"line":5,"column":16}},"1":{"start":{"line":22,"column":23},"end":{"line":22,"column":94}}},"fnMap":{"0":{"name":"(anonymous_0)","decl":{"start":{"line":22,"column":17},"end":{"line":22,"column":18}},"loc":{"start":{"line":22,"column":23},"end":{"line":22,"column":94}},"line":22}},"branchMap":{},"s":{"0":0,"1":0},"f":{"0":0},"b":{},"hash":"4652c388c9617527295787658ddb967ae17b8b10"}
,"/Users/matthewacha/Documents/britcoreApps/favorite-things-front/src/store.js": {"path":"/Users/matthewacha/Documents/britcoreApps/favorite-things-front/src/store.js","statementMap":{"0":{"start":{"line":4,"column":0},"end":{"line":4,"column":14}},"1":{"start":{"line":16,"column":24},"end":{"line":16,"column":39}},"2":{"start":{"line":18,"column":30},"end":{"line":18,"column":32}},"3":{"start":{"line":19,"column":6},"end":{"line":26,"column":7}},"4":{"start":{"line":20,"column":8},"end":{"line":20,"column":51}},"5":{"start":{"line":22,"column":8},"end":{"line":25,"column":11}},"6":{"start":{"line":23,"column":10},"end":{"line":23,"column":28}},"7":{"start":{"line":24,"column":10},"end":{"line":24,"column":22}},"8":{"start":{"line":27,"column":6},"end":{"line":27,"column":95}},"9":{"start":{"line":27,"column":46},"end":{"line":27,"column":93}},"10":{"start":{"line":32,"column":6},"end":{"line":32,"column":28}},"11":{"start":{"line":35,"column":6},"end":{"line":35,"column":29}},"12":{"start":{"line":38,"column":6},"end":{"line":38,"column":33}},"13":{"start":{"line":41,"column":18},"end":{"line":41,"column":48}},"14":{"start":{"line":42,"column":6},"end":{"line":42,"column":32}},"15":{"start":{"line":45,"column":18},"end":{"line":45,"column":71}},"16":{"start":{"line":45,"column":52},"end":{"line":45,"column":70}},"17":{"start":{"line":46,"column":6},"end":{"line":46,"column":32}},"18":{"start":{"line":49,"column":23},"end":{"line":59,"column":8}},"19":{"start":{"line":50,"column":8},"end":{"line":57,"column":9}},"20":{"start":{"line":51,"column":10},"end":{"line":51,"column":43}},"21":{"start":{"line":52,"column":10},"end":{"line":52,"column":33}},"22":{"start":{"line":53,"column":10},"end":{"line":53,"column":45}},"23":{"start":{"line":54,"column":10},"end":{"line":54,"column":37}},"24":{"start":{"line":55,"column":10},"end":{"line":55,"column":37}},"25":{"start":{"line":56,"column":10},"end":{"line":56,"column":39}},"26":{"start":{"line":58,"column":8},"end":{"line":58,"column":19}},"27":{"start":{"line":60,"column":6},"end":{"line":60,"column":37}},"28":{"start":{"line":61,"column":6},"end":{"line":61,"column":53}},"29":{"start":{"line":64,"column":23},"end":{"line":77,"column":8}},"30":{"start":{"line":65,"column":25},"end":{"line":65,"column":27}},"31":{"start":{"line":66,"column":8},"end":{"line":75,"column":11}},"32":{"start":{"line":67,"column":10},"end":{"line":74,"column":11}},"33":{"start":{"line":69,"column":14},"end":{"line":69,"column":59}},"34":{"start":{"line":71,"column":14},"end":{"line":71,"column":56}},"35":{"start":{"line":73,"column":14},"end":{"line":73,"column":26}},"36":{"start":{"line":76,"column":8},"end":{"line":76,"column":41}},"37":{"start":{"line":78,"column":6},"end":{"line":78,"column":30}},"38":{"start":{"line":79,"column":6},"end":{"line":79,"column":40}},"39":{"start":{"line":82,"column":6},"end":{"line":82,"column":31}},"40":{"start":{"line":87,"column":6},"end":{"line":87,"column":27}},"41":{"start":{"line":90,"column":6},"end":{"line":90,"column":32}},"42":{"start":{"line":93,"column":6},"end":{"line":93,"column":36}},"43":{"start":{"line":96,"column":6},"end":{"line":96,"column":37}},"44":{"start":{"line":99,"column":6},"end":{"line":99,"column":36}},"45":{"start":{"line":102,"column":6},"end":{"line":102,"column":37}},"46":{"start":{"line":105,"column":6},"end":{"line":105,"column":32}},"47":{"start":{"line":108,"column":6},"end":{"line":108,"column":28}}},"fnMap":{"0":{"name":"(anonymous_0)","decl":{"start":{"line":16,"column":15},"end":{"line":16,"column":16}},"loc":{"start":{"line":16,"column":24},"end":{"line":16,"column":39}},"line":16},"1":{"name":"(anonymous_1)","decl":{"start":{"line":17,"column":19},"end":{"line":17,"column":20}},"loc":{"start":{"line":17,"column":30},"end":{"line":28,"column":5}},"line":17},"2":{"name":"(anonymous_2)","decl":{"start":{"line":22,"column":52},"end":{"line":22,"column":53}},"loc":{"start":{"line":22,"column":62},"end":{"line":25,"column":9}},"line":22},"3":{"name":"(anonymous_3)","decl":{"start":{"line":27,"column":36},"end":{"line":27,"column":37}},"loc":{"start":{"line":27,"column":46},"end":{"line":27,"column":93}},"line":27},"4":{"name":"(anonymous_4)","decl":{"start":{"line":31,"column":10},"end":{"line":31,"column":11}},"loc":{"start":{"line":31,"column":27},"end":{"line":33,"column":5}},"line":31},"5":{"name":"(anonymous_5)","decl":{"start":{"line":34,"column":15},"end":{"line":34,"column":16}},"loc":{"start":{"line":34,"column":32},"end":{"line":36,"column":5}},"line":34},"6":{"name":"(anonymous_6)","decl":{"start":{"line":37,"column":19},"end":{"line":37,"column":20}},"loc":{"start":{"line":37,"column":36},"end":{"line":39,"column":5}},"line":37},"7":{"name":"(anonymous_7)","decl":{"start":{"line":40,"column":20},"end":{"line":40,"column":21}},"loc":{"start":{"line":40,"column":37},"end":{"line":43,"column":5}},"line":40},"8":{"name":"(anonymous_8)","decl":{"start":{"line":44,"column":19},"end":{"line":44,"column":20}},"loc":{"start":{"line":44,"column":36},"end":{"line":47,"column":5}},"line":44},"9":{"name":"(anonymous_9)","decl":{"start":{"line":45,"column":45},"end":{"line":45,"column":46}},"loc":{"start":{"line":45,"column":52},"end":{"line":45,"column":70}},"line":45},"10":{"name":"(anonymous_10)","decl":{"start":{"line":48,"column":20},"end":{"line":48,"column":21}},"loc":{"start":{"line":48,"column":37},"end":{"line":62,"column":5}},"line":48},"11":{"name":"(anonymous_11)","decl":{"start":{"line":49,"column":47},"end":{"line":49,"column":48}},"loc":{"start":{"line":49,"column":56},"end":{"line":59,"column":7}},"line":49},"12":{"name":"(anonymous_12)","decl":{"start":{"line":63,"column":15},"end":{"line":63,"column":16}},"loc":{"start":{"line":63,"column":32},"end":{"line":80,"column":5}},"line":63},"13":{"name":"(anonymous_13)","decl":{"start":{"line":64,"column":50},"end":{"line":64,"column":51}},"loc":{"start":{"line":64,"column":59},"end":{"line":77,"column":7}},"line":64},"14":{"name":"(anonymous_14)","decl":{"start":{"line":66,"column":30},"end":{"line":66,"column":31}},"loc":{"start":{"line":66,"column":44},"end":{"line":75,"column":9}},"line":66},"15":{"name":"(anonymous_15)","decl":{"start":{"line":81,"column":17},"end":{"line":81,"column":18}},"loc":{"start":{"line":81,"column":28},"end":{"line":83,"column":5}},"line":81},"16":{"name":"(anonymous_16)","decl":{"start":{"line":86,"column":10},"end":{"line":86,"column":11}},"loc":{"start":{"line":86,"column":32},"end":{"line":88,"column":5}},"line":86},"17":{"name":"(anonymous_17)","decl":{"start":{"line":89,"column":15},"end":{"line":89,"column":16}},"loc":{"start":{"line":89,"column":37},"end":{"line":91,"column":5}},"line":89},"18":{"name":"(anonymous_18)","decl":{"start":{"line":92,"column":19},"end":{"line":92,"column":20}},"loc":{"start":{"line":92,"column":41},"end":{"line":94,"column":5}},"line":92},"19":{"name":"(anonymous_19)","decl":{"start":{"line":95,"column":20},"end":{"line":95,"column":21}},"loc":{"start":{"line":95,"column":42},"end":{"line":97,"column":5}},"line":95},"20":{"name":"(anonymous_20)","decl":{"start":{"line":98,"column":19},"end":{"line":98,"column":20}},"loc":{"start":{"line":98,"column":41},"end":{"line":100,"column":5}},"line":98},"21":{"name":"(anonymous_21)","decl":{"start":{"line":101,"column":20},"end":{"line":101,"column":21}},"loc":{"start":{"line":101,"column":42},"end":{"line":103,"column":5}},"line":101},"22":{"name":"(anonymous_22)","decl":{"start":{"line":104,"column":15},"end":{"line":104,"column":16}},"loc":{"start":{"line":104,"column":37},"end":{"line":106,"column":5}},"line":104},"23":{"name":"(anonymous_23)","decl":{"start":{"line":107,"column":17},"end":{"line":107,"column":18}},"loc":{"start":{"line":107,"column":33},"end":{"line":109,"column":5}},"line":107}},"branchMap":{"0":{"loc":{"start":{"line":19,"column":6},"end":{"line":26,"column":7}},"type":"if","locations":[{"start":{"line":19,"column":6},"end":{"line":26,"column":7}},{"start":{"line":19,"column":6},"end":{"line":26,"column":7}}],"line":19},"1":{"loc":{"start":{"line":50,"column":8},"end":{"line":57,"column":9}},"type":"if","locations":[{"start":{"line":50,"column":8},"end":{"line":57,"column":9}},{"start":{"line":50,"column":8},"end":{"line":57,"column":9}}],"line":50},"2":{"loc":{"start":{"line":67,"column":10},"end":{"line":74,"column":11}},"type":"switch","locations":[{"start":{"line":68,"column":12},"end":{"line":69,"column":59}},{"start":{"line":70,"column":12},"end":{"line":71,"column":56}},{"start":{"line":72,"column":12},"end":{"line":73,"column":26}}],"line":67}},"s":{"0":0,"1":0,"2":0,"3":0,"4":0,"5":0,"6":0,"7":0,"8":0,"9":0,"10":0,"11":0,"12":0,"13":0,"14":0,"15":0,"16":0,"17":0,"18":0,"19":0,"20":0,"21":0,"22":0,"23":0,"24":0,"25":0,"26":0,"27":0,"28":0,"29":0,"30":0,"31":0,"32":0,"33":0,"34":0,"35":0,"36":0,"37":0,"38":0,"39":0,"40":0,"41":0,"42":0,"43":0,"44":0,"45":0,"46":0,"47":0},"f":{"0":0,"1":0,"2":0,"3":0,"4":0,"5":0,"6":0,"7":0,"8":0,"9":0,"10":0,"11":0,"12":0,"13":0,"14":0,"15":0,"16":0,"17":0,"18":0,"19":0,"20":0,"21":0,"22":0,"23":0},"b":{"0":[0,0],"1":[0,0],"2":[0,0,0]},"hash":"6c377e5f7a7e18420e61e34713847c86646ba0b2"}
,"/Users/matthewacha/Documents/britcoreApps/favorite-things-front/src/components/FavoriteDashboard.vue": {"path":"/Users/matthewacha/Documents/britcoreApps/favorite-things-front/src/components/FavoriteDashboard.vue","statementMap":{"0":{"start":{"line":61,"column":0},"end":{"line":61,"column":null}},"1":{"start":{"line":62,"column":0},"end":{"line":62,"column":null}},"2":{"start":{"line":63,"column":0},"end":{"line":63,"column":null}},"3":{"start":{"line":64,"column":0},"end":{"line":64,"column":null}},"4":{"start":{"line":65,"column":0},"end":{"line":65,"column":null}},"5":{"start":{"line":66,"column":0},"end":{"line":66,"column":null}},"6":{"start":{"line":77,"column":0},"end":{"line":77,"column":null}},"7":{"start":{"line":68,"column":0},"end":{"line":68,"column":null}},"8":{"start":{"line":87,"column":0},"end":{"line":90,"column":null}},"9":{"start":{"line":88,"column":0},"end":{"line":88,"column":null}},"10":{"start":{"line":89,"column":0},"end":{"line":89,"column":null}},"11":{"start":{"line":68,"column":0},"end":{"line":92,"column":null}},"12":{"start":{"line":92,"column":0},"end":{"line":92,"column":null}},"13":{"start":{"line":96,"column":0},"end":{"line":99,"column":null}},"14":{"start":{"line":97,"column":0},"end":{"line":97,"column":null}},"15":{"start":{"line":98,"column":0},"end":{"line":98,"column":null}},"16":{"start":{"line":68,"column":0},"end":{"line":102,"column":null}},"17":{"start":{"line":102,"column":0},"end":{"line":102,"column":null}},"18":{"start":{"line":107,"column":0},"end":{"line":107,"column":null}},"19":{"start":{"line":109,"column":0},"end":{"line":109,"column":null}},"20":{"start":{"line":111,"column":0},"end":{"line":111,"column":null}},"21":{"start":{"line":113,"column":0},"end":{"line":113,"column":null}},"22":{"start":{"line":114,"column":0},"end":{"line":114,"column":null}},"23":{"start":{"line":115,"column":0},"end":{"line":115,"column":null}},"24":{"start":{"line":118,"column":0},"end":{"line":134,"column":null}},"25":{"start":{"line":119,"column":0},"end":{"line":119,"column":null}},"26":{"start":{"line":127,"column":0},"end":{"line":133,"column":null}},"27":{"start":{"line":128,"column":0},"end":{"line":128,"column":null}},"28":{"start":{"line":137,"column":0},"end":{"line":137,"column":null}},"29":{"start":{"line":138,"column":0},"end":{"line":138,"column":null}},"30":{"start":{"line":141,"column":0},"end":{"line":141,"column":null}},"31":{"start":{"line":144,"column":0},"end":{"line":144,"column":null}},"32":{"start":{"line":149,"column":0},"end":{"line":149,"column":null}},"33":{"start":{"line":153,"column":0},"end":{"line":153,"column":null}},"34":{"start":{"line":156,"column":0},"end":{"line":156,"column":null}},"35":{"start":{"line":157,"column":0},"end":{"line":157,"column":null}},"36":{"start":{"line":160,"column":0},"end":{"line":160,"column":null}},"37":{"start":{"line":161,"column":0},"end":{"line":161,"column":null}}},"fnMap":{"0":{"name":"data","decl":{"start":{"line":76,"column":0},"end":{"line":76,"column":null}},"loc":{"start":{"line":76,"column":0},"end":{"line":85,"column":null}}},"1":{"name":"(anonymous_9)","decl":{"start":{"line":86,"column":0},"end":{"line":86,"column":null}},"loc":{"start":{"line":86,"column":0},"end":{"line":68,"column":null}}},"2":{"name":"_callee2","decl":{"start":{"line":68,"column":0},"end":{"line":68,"column":null}},"loc":{"start":{"line":68,"column":0},"end":{"line":68,"column":null}}},"3":{"name":"(anonymous_12)","decl":{"start":{"line":87,"column":0},"end":{"line":87,"column":null}},"loc":{"start":{"line":87,"column":0},"end":{"line":90,"column":null}}},"4":{"name":"_callee","decl":{"start":{"line":92,"column":0},"end":{"line":92,"column":null}},"loc":{"start":{"line":92,"column":0},"end":{"line":92,"column":null}}},"5":{"name":"(anonymous_15)","decl":{"start":{"line":96,"column":0},"end":{"line":96,"column":null}},"loc":{"start":{"line":96,"column":0},"end":{"line":99,"column":null}}},"6":{"name":"(anonymous_17)","decl":{"start":{"line":101,"column":0},"end":{"line":101,"column":null}},"loc":{"start":{"line":101,"column":0},"end":{"line":68,"column":null}}},"7":{"name":"_callee3","decl":{"start":{"line":102,"column":0},"end":{"line":102,"column":null}},"loc":{"start":{"line":102,"column":0},"end":{"line":102,"column":null}}},"8":{"name":"(anonymous_23)","decl":{"start":{"line":106,"column":0},"end":{"line":106,"column":null}},"loc":{"start":{"line":106,"column":0},"end":{"line":68,"column":null}}},"9":{"name":"(anonymous_27)","decl":{"start":{"line":112,"column":0},"end":{"line":112,"column":null}},"loc":{"start":{"line":112,"column":0},"end":{"line":111,"column":null}}},"10":{"name":"_callee6","decl":{"start":{"line":111,"column":0},"end":{"line":111,"column":null}},"loc":{"start":{"line":111,"column":0},"end":{"line":111,"column":null}}},"11":{"name":"validateAndSubmit","decl":{"start":{"line":117,"column":0},"end":{"line":117,"column":null}},"loc":{"start":{"line":117,"column":0},"end":{"line":135,"column":null}}},"12":{"name":"getFavoritesList","decl":{"start":{"line":136,"column":0},"end":{"line":136,"column":null}},"loc":{"start":{"line":136,"column":0},"end":{"line":139,"column":null}}},"13":{"name":"editFavorite","decl":{"start":{"line":140,"column":0},"end":{"line":140,"column":null}},"loc":{"start":{"line":140,"column":0},"end":{"line":142,"column":null}}},"14":{"name":"blurComponent","decl":{"start":{"line":143,"column":0},"end":{"line":143,"column":null}},"loc":{"start":{"line":143,"column":0},"end":{"line":145,"column":null}}},"15":{"name":"userObject","decl":{"start":{"line":148,"column":0},"end":{"line":148,"column":null}},"loc":{"start":{"line":148,"column":0},"end":{"line":154,"column":null}}},"16":{"name":"getsFavoritesList","decl":{"start":{"line":155,"column":0},"end":{"line":155,"column":null}},"loc":{"start":{"line":155,"column":0},"end":{"line":158,"column":null}}},"17":{"name":"isEdited","decl":{"start":{"line":159,"column":0},"end":{"line":159,"column":null}},"loc":{"start":{"line":159,"column":0},"end":{"line":162,"column":null}}}},"branchMap":{"0":{"loc":{"start":{"line":68,"column":0},"end":{"line":92,"column":null}},"type":"switch","locations":[{"start":{"line":68,"column":0},"end":{"line":92,"column":null}},{"start":{"line":68,"column":0},"end":{"line":99,"column":null}},{"start":{"line":68,"column":0},"end":{"line":68,"column":null}},{"start":{"line":68,"column":0},"end":{"line":68,"column":null}}]},"1":{"loc":{"start":{"line":92,"column":0},"end":{"line":92,"column":null}},"type":"switch","locations":[{"start":{"line":92,"column":0},"end":{"line":92,"column":null}},{"start":{"line":92,"column":0},"end":{"line":92,"column":null}},{"start":{"line":92,"column":0},"end":{"line":92,"column":null}}]},"2":{"loc":{"start":{"line":68,"column":0},"end":{"line":102,"column":null}},"type":"switch","locations":[{"start":{"line":68,"column":0},"end":{"line":102,"column":null}},{"start":{"line":68,"column":0},"end":{"line":68,"column":null}},{"start":{"line":68,"column":0},"end":{"line":68,"column":null}}]},"3":{"loc":{"start":{"line":102,"column":0},"end":{"line":102,"column":null}},"type":"switch","locations":[{"start":{"line":102,"column":0},"end":{"line":102,"column":null}},{"start":{"line":102,"column":0},"end":{"line":102,"column":null}},{"start":{"line":102,"column":0},"end":{"line":102,"column":null}}]},"4":{"loc":{"start":{"line":68,"column":0},"end":{"line":68,"column":null}},"type":"switch","locations":[{"start":{"line":68,"column":0},"end":{"line":68,"column":null}},{"start":{"line":68,"column":0},"end":{"line":109,"column":null}},{"start":{"line":68,"column":0},"end":{"line":68,"column":null}},{"start":{"line":68,"column":0},"end":{"line":68,"column":null}}]},"5":{"loc":{"start":{"line":111,"column":0},"end":{"line":111,"column":null}},"type":"switch","locations":[{"start":{"line":111,"column":0},"end":{"line":111,"column":null}},{"start":{"line":111,"column":0},"end":{"line":115,"column":null}},{"start":{"line":111,"column":0},"end":{"line":111,"column":null}},{"start":{"line":111,"column":0},"end":{"line":111,"column":null}}]},"6":{"loc":{"start":{"line":118,"column":0},"end":{"line":134,"column":null}},"type":"if","locations":[{"start":{"line":118,"column":0},"end":{"line":134,"column":null}},{"start":{"line":118,"column":0},"end":{"line":134,"column":null}}]},"7":{"loc":{"start":{"line":149,"column":0},"end":{"line":149,"column":null}},"type":"cond-expr","locations":[{"start":{"line":149,"column":0},"end":{"line":149,"column":null}},{"start":{"line":149,"column":0},"end":{"line":149,"column":null}}]}},"s":{"0":0,"1":0,"2":0,"3":0,"4":0,"5":0,"6":0,"7":0,"8":0,"9":0,"10":0,"11":0,"12":0,"13":0,"14":0,"15":0,"16":0,"17":0,"18":0,"19":0,"20":0,"21":0,"22":0,"23":0,"24":0,"25":0,"26":0,"27":0,"28":0,"29":0,"30":0,"31":0,"32":0,"33":0,"34":0,"35":0,"36":0,"37":0},"f":{"0":0,"1":0,"2":0,"3":0,"4":0,"5":0,"6":0,"7":0,"8":0,"9":0,"10":0,"11":0,"12":0,"13":0,"14":0,"15":0,"16":0,"17":0},"b":{"0":[0,0,0,0],"1":[0,0,0],"2":[0,0,0],"3":[0,0,0],"4":[0,0,0,0],"5":[0,0,0,0],"6":[0,0],"7":[0,0]}}
,"/Users/matthewacha/Documents/britcoreApps/favorite-things-front/src/components/FavoriteList.vue": {"path":"/Users/matthewacha/Documents/britcoreApps/favorite-things-front/src/components/FavoriteList.vue","statementMap":{"0":{"start":{"line":23,"column":0},"end":{"line":23,"column":null}},"1":{"start":{"line":24,"column":0},"end":{"line":24,"column":null}},"2":{"start":{"line":31,"column":0},"end":{"line":31,"column":null}},"3":{"start":{"line":32,"column":0},"end":{"line":32,"column":null}},"4":{"start":{"line":34,"column":0},"end":{"line":34,"column":null}},"5":{"start":{"line":35,"column":0},"end":{"line":35,"column":null}},"6":{"start":{"line":37,"column":0},"end":{"line":37,"column":null}},"7":{"start":{"line":41,"column":0},"end":{"line":41,"column":null}},"8":{"start":{"line":45,"column":0},"end":{"line":45,"column":null}},"9":{"start":{"line":46,"column":0},"end":{"line":46,"column":null}}},"fnMap":{"0":{"name":"data","decl":{"start":{"line":31,"column":0},"end":{"line":31,"column":null}},"loc":{"start":{"line":31,"column":0},"end":{"line":31,"column":null}}},"1":{"name":"(anonymous_9)","decl":{"start":{"line":33,"column":0},"end":{"line":33,"column":null}},"loc":{"start":{"line":33,"column":0},"end":{"line":32,"column":null}}},"2":{"name":"_callee","decl":{"start":{"line":32,"column":0},"end":{"line":32,"column":null}},"loc":{"start":{"line":32,"column":0},"end":{"line":32,"column":null}}},"3":{"name":"editFavorite","decl":{"start":{"line":44,"column":0},"end":{"line":44,"column":null}},"loc":{"start":{"line":44,"column":0},"end":{"line":47,"column":null}}}},"branchMap":{"0":{"loc":{"start":{"line":32,"column":0},"end":{"line":32,"column":null}},"type":"switch","locations":[{"start":{"line":32,"column":0},"end":{"line":32,"column":null}},{"start":{"line":32,"column":0},"end":{"line":32,"column":null}},{"start":{"line":32,"column":0},"end":{"line":32,"column":null}},{"start":{"line":32,"column":0},"end":{"line":41,"column":null}},{"start":{"line":32,"column":0},"end":{"line":32,"column":null}},{"start":{"line":32,"column":0},"end":{"line":32,"column":null}}]}},"s":{"0":0,"1":0,"2":0,"3":0,"4":0,"5":0,"6":0,"7":0,"8":0,"9":0},"f":{"0":0,"1":0,"2":0,"3":0},"b":{"0":[0,0,0,0,0,0]}}
,"/Users/matthewacha/Documents/britcoreApps/favorite-things-front/src/components/FavoritesForm.vue": {"path":"/Users/matthewacha/Documents/britcoreApps/favorite-things-front/src/components/FavoritesForm.vue","statementMap":{"0":{"start":{"line":60,"column":0},"end":{"line":60,"column":null}},"1":{"start":{"line":61,"column":0},"end":{"line":61,"column":null}},"2":{"start":{"line":66,"column":0},"end":{"line":66,"column":null}},"3":{"start":{"line":67,"column":0},"end":{"line":77,"column":null}},"4":{"start":{"line":68,"column":0},"end":{"line":68,"column":null}},"5":{"start":{"line":69,"column":0},"end":{"line":69,"column":null}},"6":{"start":{"line":70,"column":0},"end":{"line":70,"column":null}},"7":{"start":{"line":71,"column":0},"end":{"line":71,"column":null}},"8":{"start":{"line":72,"column":0},"end":{"line":72,"column":null}},"9":{"start":{"line":73,"column":0},"end":{"line":73,"column":null}},"10":{"start":{"line":74,"column":0},"end":{"line":74,"column":null}},"11":{"start":{"line":75,"column":0},"end":{"line":75,"column":null}},"12":{"start":{"line":76,"column":0},"end":{"line":76,"column":null}},"13":{"start":{"line":80,"column":0},"end":{"line":80,"column":null}},"14":{"start":{"line":94,"column":0},"end":{"line":94,"column":null}},"15":{"start":{"line":95,"column":0},"end":{"line":95,"column":null}},"16":{"start":{"line":99,"column":0},"end":{"line":99,"column":null}},"17":{"start":{"line":100,"column":0},"end":{"line":100,"column":null}},"18":{"start":{"line":109,"column":0},"end":{"line":109,"column":null}},"19":{"start":{"line":112,"column":0},"end":{"line":112,"column":null}},"20":{"start":{"line":123,"column":0},"end":{"line":109,"column":null}},"21":{"start":{"line":124,"column":0},"end":{"line":124,"column":null}},"22":{"start":{"line":125,"column":0},"end":{"line":125,"column":null}},"23":{"start":{"line":128,"column":0},"end":{"line":128,"column":null}},"24":{"start":{"line":132,"column":0},"end":{"line":132,"column":null}},"25":{"start":{"line":133,"column":0},"end":{"line":133,"column":null}},"26":{"start":{"line":134,"column":0},"end":{"line":134,"column":null}},"27":{"start":{"line":135,"column":0},"end":{"line":135,"column":null}},"28":{"start":{"line":136,"column":0},"end":{"line":136,"column":null}},"29":{"start":{"line":137,"column":0},"end":{"line":137,"column":null}},"30":{"start":{"line":140,"column":0},"end":{"line":140,"column":null}},"31":{"start":{"line":142,"column":0},"end":{"line":142,"column":null}},"32":{"start":{"line":147,"column":0},"end":{"line":147,"column":null}},"33":{"start":{"line":148,"column":0},"end":{"line":148,"column":null}},"34":{"start":{"line":149,"column":0},"end":{"line":149,"column":null}},"35":{"start":{"line":150,"column":0},"end":{"line":150,"column":null}},"36":{"start":{"line":151,"column":0},"end":{"line":151,"column":null}},"37":{"start":{"line":152,"column":0},"end":{"line":152,"column":null}},"38":{"start":{"line":153,"column":0},"end":{"line":153,"column":null}},"39":{"start":{"line":154,"column":0},"end":{"line":154,"column":null}},"40":{"start":{"line":155,"column":0},"end":{"line":155,"column":null}},"41":{"start":{"line":156,"column":0},"end":{"line":156,"column":null}},"42":{"start":{"line":159,"column":0},"end":{"line":159,"column":null}}},"fnMap":{"0":{"name":"beforeUpdate","decl":{"start":{"line":66,"column":0},"end":{"line":66,"column":null}},"loc":{"start":{"line":66,"column":0},"end":{"line":78,"column":null}}},"1":{"name":"(anonymous_13)","decl":{"start":{"line":67,"column":0},"end":{"line":67,"column":null}},"loc":{"start":{"line":67,"column":0},"end":{"line":77,"column":null}}},"2":{"name":"data","decl":{"start":{"line":79,"column":0},"end":{"line":79,"column":null}},"loc":{"start":{"line":79,"column":0},"end":{"line":108,"column":null}}},"3":{"name":"(anonymous_15)","decl":{"start":{"line":93,"column":0},"end":{"line":93,"column":null}},"loc":{"start":{"line":93,"column":0},"end":{"line":94,"column":null}}},"4":{"name":"(anonymous_16)","decl":{"start":{"line":94,"column":0},"end":{"line":94,"column":null}},"loc":{"start":{"line":94,"column":0},"end":{"line":95,"column":null}}},"5":{"name":"(anonymous_17)","decl":{"start":{"line":98,"column":0},"end":{"line":98,"column":null}},"loc":{"start":{"line":98,"column":0},"end":{"line":99,"column":null}}},"6":{"name":"(anonymous_18)","decl":{"start":{"line":99,"column":0},"end":{"line":99,"column":null}},"loc":{"start":{"line":99,"column":0},"end":{"line":100,"column":null}}},"7":{"name":"(anonymous_19)","decl":{"start":{"line":110,"column":0},"end":{"line":110,"column":null}},"loc":{"start":{"line":110,"column":0},"end":{"line":109,"column":null}}},"8":{"name":"_callee","decl":{"start":{"line":109,"column":0},"end":{"line":109,"column":null}},"loc":{"start":{"line":109,"column":0},"end":{"line":109,"column":null}}},"9":{"name":"revertEdit","decl":{"start":{"line":146,"column":0},"end":{"line":146,"column":null}},"loc":{"start":{"line":146,"column":0},"end":{"line":157,"column":null}}},"10":{"name":"submitEditFavorite","decl":{"start":{"line":158,"column":0},"end":{"line":158,"column":null}},"loc":{"start":{"line":158,"column":0},"end":{"line":167,"column":null}}}},"branchMap":{"0":{"loc":{"start":{"line":92,"column":0},"end":{"line":92,"column":null}},"type":"binary-expr","locations":[{"start":{"line":92,"column":0},"end":{"line":92,"column":null}},{"start":{"line":92,"column":0},"end":{"line":92,"column":null}}]},"1":{"loc":{"start":{"line":94,"column":0},"end":{"line":94,"column":null}},"type":"binary-expr","locations":[{"start":{"line":94,"column":0},"end":{"line":94,"column":null}},{"start":{"line":94,"column":0},"end":{"line":94,"column":null}}]},"2":{"loc":{"start":{"line":95,"column":0},"end":{"line":95,"column":null}},"type":"binary-expr","locations":[{"start":{"line":95,"column":0},"end":{"line":95,"column":null}},{"start":{"line":95,"column":0},"end":{"line":95,"column":null}},{"start":{"line":95,"column":0},"end":{"line":95,"column":null}}]},"3":{"loc":{"start":{"line":99,"column":0},"end":{"line":99,"column":null}},"type":"binary-expr","locations":[{"start":{"line":99,"column":0},"end":{"line":99,"column":null}},{"start":{"line":99,"column":0},"end":{"line":99,"column":null}}]},"4":{"loc":{"start":{"line":100,"column":0},"end":{"line":100,"column":null}},"type":"binary-expr","locations":[{"start":{"line":100,"column":0},"end":{"line":100,"column":null}},{"start":{"line":100,"column":0},"end":{"line":100,"column":null}},{"start":{"line":100,"column":0},"end":{"line":100,"column":null}}]},"5":{"loc":{"start":{"line":109,"column":0},"end":{"line":109,"column":null}},"type":"switch","locations":[{"start":{"line":109,"column":0},"end":{"line":109,"column":null}},{"start":{"line":109,"column":0},"end":{"line":109,"column":null}},{"start":{"line":109,"column":0},"end":{"line":109,"column":null}},{"start":{"line":109,"column":0},"end":{"line":137,"column":null}},{"start":{"line":109,"column":0},"end":{"line":109,"column":null}},{"start":{"line":109,"column":0},"end":{"line":142,"column":null}},{"start":{"line":109,"column":0},"end":{"line":109,"column":null}},{"start":{"line":109,"column":0},"end":{"line":109,"column":null}}]},"6":{"loc":{"start":{"line":109,"column":0},"end":{"line":109,"column":null}},"type":"if","locations":[{"start":{"line":109,"column":0},"end":{"line":109,"column":null}},{"start":{"line":109,"column":0},"end":{"line":109,"column":null}}]}},"s":{"0":0,"1":0,"2":0,"3":0,"4":0,"5":0,"6":0,"7":0,"8":0,"9":0,"10":0,"11":0,"12":0,"13":0,"14":0,"15":0,"16":0,"17":0,"18":0,"19":0,"20":0,"21":0,"22":0,"23":0,"24":0,"25":0,"26":0,"27":0,"28":0,"29":0,"30":0,"31":0,"32":0,"33":0,"34":0,"35":0,"36":0,"37":0,"38":0,"39":0,"40":0,"41":0,"42":0},"f":{"0":0,"1":0,"2":0,"3":0,"4":0,"5":0,"6":0,"7":0,"8":0,"9":0,"10":0},"b":{"0":[0,0],"1":[0,0],"2":[0,0,0],"3":[0,0],"4":[0,0,0],"5":[0,0,0,0,0,0,0,0],"6":[0,0]}}
,"/Users/matthewacha/Documents/britcoreApps/favorite-things-front/src/components/FilterPane.vue": {"path":"/Users/matthewacha/Documents/britcoreApps/favorite-things-front/src/components/FilterPane.vue","statementMap":{"0":{"start":{"line":40,"column":0},"end":{"line":40,"column":null}},"1":{"start":{"line":44,"column":0},"end":{"line":44,"column":null}},"2":{"start":{"line":54,"column":0},"end":{"line":54,"column":null}},"3":{"start":{"line":57,"column":0},"end":{"line":57,"column":null}},"4":{"start":{"line":58,"column":0},"end":{"line":63,"column":null}},"5":{"start":{"line":59,"column":0},"end":{"line":59,"column":null}},"6":{"start":{"line":64,"column":0},"end":{"line":64,"column":null}},"7":{"start":{"line":67,"column":0},"end":{"line":67,"column":null}},"8":{"start":{"line":68,"column":0},"end":{"line":68,"column":null}}},"fnMap":{"0":{"name":"data","decl":{"start":{"line":44,"column":0},"end":{"line":44,"column":null}},"loc":{"start":{"line":44,"column":0},"end":{"line":44,"column":null}}},"1":{"name":"(anonymous_9)","decl":{"start":{"line":55,"column":0},"end":{"line":55,"column":null}},"loc":{"start":{"line":55,"column":0},"end":{"line":54,"column":null}}},"2":{"name":"_callee","decl":{"start":{"line":54,"column":0},"end":{"line":54,"column":null}},"loc":{"start":{"line":54,"column":0},"end":{"line":54,"column":null}}},"3":{"name":"(anonymous_12)","decl":{"start":{"line":58,"column":0},"end":{"line":58,"column":null}},"loc":{"start":{"line":58,"column":0},"end":{"line":63,"column":null}}},"4":{"name":"clearFilter","decl":{"start":{"line":66,"column":0},"end":{"line":66,"column":null}},"loc":{"start":{"line":66,"column":0},"end":{"line":69,"column":null}}}},"branchMap":{"0":{"loc":{"start":{"line":54,"column":0},"end":{"line":54,"column":null}},"type":"switch","locations":[{"start":{"line":54,"column":0},"end":{"line":54,"column":null}},{"start":{"line":54,"column":0},"end":{"line":64,"column":null}},{"start":{"line":54,"column":0},"end":{"line":54,"column":null}},{"start":{"line":54,"column":0},"end":{"line":54,"column":null}}]}},"s":{"0":0,"1":0,"2":0,"3":0,"4":0,"5":0,"6":0,"7":0,"8":0},"f":{"0":0,"1":0,"2":0,"3":0,"4":0},"b":{"0":[0,0,0,0]}}
,"/Users/matthewacha/Documents/britcoreApps/favorite-things-front/src/components/FormMetaData.js": {"path":"/Users/matthewacha/Documents/britcoreApps/favorite-things-front/src/components/FormMetaData.js","statementMap":{"0":{"start":{"line":10,"column":13},"end":{"line":10,"column":38}},"1":{"start":{"line":11,"column":13},"end":{"line":11,"column":76}},"2":{"start":{"line":22,"column":13},"end":{"line":22,"column":45}},"3":{"start":{"line":23,"column":13},"end":{"line":24,"column":59}}},"fnMap":{"0":{"name":"(anonymous_0)","decl":{"start":{"line":10,"column":8},"end":{"line":10,"column":9}},"loc":{"start":{"line":10,"column":13},"end":{"line":10,"column":38}},"line":10},"1":{"name":"(anonymous_1)","decl":{"start":{"line":11,"column":8},"end":{"line":11,"column":9}},"loc":{"start":{"line":11,"column":13},"end":{"line":11,"column":76}},"line":11},"2":{"name":"(anonymous_2)","decl":{"start":{"line":22,"column":8},"end":{"line":22,"column":9}},"loc":{"start":{"line":22,"column":13},"end":{"line":22,"column":45}},"line":22},"3":{"name":"(anonymous_3)","decl":{"start":{"line":23,"column":8},"end":{"line":23,"column":9}},"loc":{"start":{"line":23,"column":13},"end":{"line":24,"column":59}},"line":23}},"branchMap":{"0":{"loc":{"start":{"line":10,"column":13},"end":{"line":10,"column":38}},"type":"binary-expr","locations":[{"start":{"line":10,"column":13},"end":{"line":10,"column":16}},{"start":{"line":10,"column":20},"end":{"line":10,"column":38}}],"line":10},"1":{"loc":{"start":{"line":11,"column":13},"end":{"line":11,"column":76}},"type":"binary-expr","locations":[{"start":{"line":11,"column":14},"end":{"line":11,"column":15}},{"start":{"line":11,"column":19},"end":{"line":11,"column":33}},{"start":{"line":11,"column":38},"end":{"line":11,"column":76}}],"line":11},"2":{"loc":{"start":{"line":22,"column":13},"end":{"line":22,"column":45}},"type":"binary-expr","locations":[{"start":{"line":22,"column":13},"end":{"line":22,"column":16}},{"start":{"line":22,"column":20},"end":{"line":22,"column":45}}],"line":22},"3":{"loc":{"start":{"line":23,"column":13},"end":{"line":24,"column":59}},"type":"binary-expr","locations":[{"start":{"line":23,"column":14},"end":{"line":23,"column":15}},{"start":{"line":23,"column":19},"end":{"line":23,"column":34}},{"start":{"line":24,"column":13},"end":{"line":24,"column":59}}],"line":23}},"s":{"0":0,"1":0,"2":0,"3":0},"f":{"0":0,"1":0,"2":0,"3":0},"b":{"0":[0,0],"1":[0,0,0],"2":[0,0],"3":[0,0,0]},"hash":"e7df0d880dd0aa12ad5e0eea41f9c5737f2f3e78"}
,"/Users/matthewacha/Documents/britcoreApps/favorite-things-front/src/components/Login.vue": {"path":"/Users/matthewacha/Documents/britcoreApps/favorite-things-front/src/components/Login.vue","statementMap":{"0":{"start":{"line":19,"column":0},"end":{"line":19,"column":null}},"1":{"start":{"line":20,"column":0},"end":{"line":20,"column":null}},"2":{"start":{"line":25,"column":0},"end":{"line":25,"column":null}},"3":{"start":{"line":29,"column":0},"end":{"line":29,"column":null}},"4":{"start":{"line":30,"column":0},"end":{"line":30,"column":null}},"5":{"start":{"line":33,"column":0},"end":{"line":33,"column":null}},"6":{"start":{"line":36,"column":0},"end":{"line":36,"column":null}},"7":{"start":{"line":40,"column":0},"end":{"line":40,"column":null}},"8":{"start":{"line":41,"column":0},"end":{"line":41,"column":null}},"9":{"start":{"line":42,"column":0},"end":{"line":42,"column":null}},"10":{"start":{"line":43,"column":0},"end":{"line":43,"column":null}},"11":{"start":{"line":45,"column":0},"end":{"line":45,"column":null}}},"fnMap":{"0":{"name":"data","decl":{"start":{"line":25,"column":0},"end":{"line":25,"column":null}},"loc":{"start":{"line":25,"column":0},"end":{"line":25,"column":null}}},"1":{"name":"(anonymous_9)","decl":{"start":{"line":28,"column":0},"end":{"line":28,"column":null}},"loc":{"start":{"line":28,"column":0},"end":{"line":29,"column":null}}},"2":{"name":"(anonymous_10)","decl":{"start":{"line":29,"column":0},"end":{"line":29,"column":null}},"loc":{"start":{"line":29,"column":0},"end":{"line":30,"column":null}}},"3":{"name":"(anonymous_11)","decl":{"start":{"line":34,"column":0},"end":{"line":34,"column":null}},"loc":{"start":{"line":34,"column":0},"end":{"line":33,"column":null}}},"4":{"name":"_callee","decl":{"start":{"line":33,"column":0},"end":{"line":33,"column":null}},"loc":{"start":{"line":33,"column":0},"end":{"line":33,"column":null}}}},"branchMap":{"0":{"loc":{"start":{"line":29,"column":0},"end":{"line":29,"column":null}},"type":"binary-expr","locations":[{"start":{"line":29,"column":0},"end":{"line":29,"column":null}},{"start":{"line":29,"column":0},"end":{"line":29,"column":null}}]},"1":{"loc":{"start":{"line":30,"column":0},"end":{"line":30,"column":null}},"type":"binary-expr","locations":[{"start":{"line":30,"column":0},"end":{"line":30,"column":null}},{"start":{"line":30,"column":0},"end":{"line":30,"column":null}},{"start":{"line":30,"column":0},"end":{"line":30,"column":null}}]},"2":{"loc":{"start":{"line":33,"column":0},"end":{"line":33,"column":null}},"type":"switch","locations":[{"start":{"line":33,"column":0},"end":{"line":33,"column":null}},{"start":{"line":33,"column":0},"end":{"line":33,"column":null}},{"start":{"line":33,"column":0},"end":{"line":45,"column":null}},{"start":{"line":33,"column":0},"end":{"line":33,"column":null}},{"start":{"line":33,"column":0},"end":{"line":33,"column":null}}]},"3":{"loc":{"start":{"line":33,"column":0},"end":{"line":33,"column":null}},"type":"if","locations":[{"start":{"line":33,"column":0},"end":{"line":33,"column":null}},{"start":{"line":33,"column":0},"end":{"line":33,"column":null}}]}},"s":{"0":0,"1":0,"2":0,"3":0,"4":0,"5":0,"6":0,"7":0,"8":0,"9":0,"10":0,"11":0},"f":{"0":0,"1":0,"2":0,"3":0,"4":0},"b":{"0":[0,0],"1":[0,0,0],"2":[0,0,0,0,0],"3":[0,0]}}
,"/Users/matthewacha/Documents/britcoreApps/favorite-things-front/src/services/api.js": {"path":"/Users/matthewacha/Documents/britcoreApps/favorite-things-front/src/services/api.js","statementMap":{"0":{"start":{"line":3,"column":21},"end":{"line":10,"column":2}}},"fnMap":{"0":{"name":"(anonymous_0)","decl":{"start":{"line":3,"column":15},"end":{"line":3,"column":16}},"loc":{"start":{"line":3,"column":21},"end":{"line":10,"column":2}},"line":3}},"branchMap":{},"s":{"0":0},"f":{"0":0},"b":{},"_coverageSchema":"43e27e138ebf9cfc5966b082cf9a028302ed4184","hash":"1e1960b0bc7750c646888bc400cfe6a861c34e8d"}
,"/Users/matthewacha/Documents/britcoreApps/favorite-things-front/src/services/favoriteService.js": {"path":"/Users/matthewacha/Documents/britcoreApps/favorite-things-front/src/services/favoriteService.js","statementMap":{"0":{"start":{"line":5,"column":21},"end":{"line":5,"column":62}},"1":{"start":{"line":6,"column":4},"end":{"line":6,"column":20}},"2":{"start":{"line":9,"column":21},"end":{"line":9,"column":73}},"3":{"start":{"line":10,"column":4},"end":{"line":10,"column":20}},"4":{"start":{"line":13,"column":21},"end":{"line":15,"column":5}},"5":{"start":{"line":16,"column":4},"end":{"line":16,"column":20}},"6":{"start":{"line":19,"column":21},"end":{"line":19,"column":103}},"7":{"start":{"line":20,"column":4},"end":{"line":20,"column":20}}},"fnMap":{"0":{"name":"(anonymous_0)","decl":{"start":{"line":4,"column":2},"end":{"line":4,"column":3}},"loc":{"start":{"line":4,"column":29},"end":{"line":7,"column":3}},"line":4},"1":{"name":"(anonymous_1)","decl":{"start":{"line":8,"column":2},"end":{"line":8,"column":3}},"loc":{"start":{"line":8,"column":25},"end":{"line":11,"column":3}},"line":8},"2":{"name":"(anonymous_2)","decl":{"start":{"line":12,"column":2},"end":{"line":12,"column":3}},"loc":{"start":{"line":12,"column":30},"end":{"line":17,"column":3}},"line":12},"3":{"name":"(anonymous_3)","decl":{"start":{"line":18,"column":2},"end":{"line":18,"column":3}},"loc":{"start":{"line":18,"column":27},"end":{"line":21,"column":3}},"line":18}},"branchMap":{},"s":{"0":0,"1":0,"2":0,"3":0,"4":0,"5":0,"6":0,"7":0},"f":{"0":0,"1":0,"2":0,"3":0},"b":{},"hash":"e987bd59215dc2a5b6f2172a9c32f87399537f17"}
,"/Users/matthewacha/Documents/britcoreApps/favorite-things-front/src/services/userService.js": {"path":"/Users/matthewacha/Documents/britcoreApps/favorite-things-front/src/services/userService.js","statementMap":{"0":{"start":{"line":5,"column":17},"end":{"line":5,"column":54}},"1":{"start":{"line":6,"column":4},"end":{"line":6,"column":16}}},"fnMap":{"0":{"name":"(anonymous_0)","decl":{"start":{"line":4,"column":2},"end":{"line":4,"column":3}},"loc":{"start":{"line":4,"column":25},"end":{"line":7,"column":3}},"line":4}},"branchMap":{},"s":{"0":0,"1":0},"f":{"0":0},"b":{},"_coverageSchema":"43e27e138ebf9cfc5966b082cf9a028302ed4184","hash":"f83ef32737fd8943edb150811a25cd6d3d7685b6"}
,"/Users/matthewacha/Documents/britcoreApps/favorite-things-front/src/views/BaseFavorites.vue": {"path":"/Users/matthewacha/Documents/britcoreApps/favorite-things-front/src/views/BaseFavorites.vue","statementMap":{"0":{"start":{"line":9,"column":0},"end":{"line":9,"column":null}}},"fnMap":{},"branchMap":{},"s":{"0":0},"f":{},"b":{}}
,"/Users/matthewacha/Documents/britcoreApps/favorite-things-front/src/views/Login.vue": {"path":"/Users/matthewacha/Documents/britcoreApps/favorite-things-front/src/views/Login.vue","statementMap":{"0":{"start":{"line":9,"column":0},"end":{"line":9,"column":null}}},"fnMap":{},"branchMap":{},"s":{"0":0},"f":{},"b":{}}
,"/Users/matthewacha/Documents/britcoreApps/favorite-things-front/src/views/TheNavbar.vue": {"path":"/Users/matthewacha/Documents/britcoreApps/favorite-things-front/src/views/TheNavbar.vue","statementMap":{"0":{"start":{"line":21,"column":0},"end":{"line":21,"column":null}}},"fnMap":{"0":{"name":"data","decl":{"start":{"line":21,"column":0},"end":{"line":21,"column":null}},"loc":{"start":{"line":21,"column":0},"end":{"line":21,"column":null}}}},"branchMap":{},"s":{"0":2},"f":{"0":2},"b":{}}
}
