TN:
SF:/Users/matthewacha/Documents/britcoreApps/favorite-things-front/src/App.vue
FN:30,(anonymous_1)
FNF:1
FNH:0
FNDA:0,(anonymous_1)
DA:28,0
DA:30,0
DA:35,0
DA:38,0
DA:39,0
DA:40,0
LF:6
LH:0
BRDA:35,0,0,0
BRDA:35,0,1,0
BRF:2
BRH:0
end_of_record
TN:
SF:/Users/matthewacha/Documents/britcoreApps/favorite-things-front/src/router.js
FN:22,(anonymous_0)
FNF:1
FNH:1
FNDA:1,(anonymous_0)
DA:5,1
DA:22,1
LF:2
LH:2
BRF:0
BRH:0
end_of_record
TN:
SF:/Users/matthewacha/Documents/britcoreApps/favorite-things-front/src/store.js
FN:12,(anonymous_1)
FN:15,(anonymous_2)
FN:20,(anonymous_3)
FN:23,(anonymous_4)
FNF:4
FNH:0
FNDA:0,(anonymous_1)
FNDA:0,(anonymous_2)
FNDA:0,(anonymous_3)
FNDA:0,(anonymous_4)
DA:1,0
DA:2,0
DA:4,0
DA:13,0
DA:16,0
DA:21,0
DA:24,0
LF:7
LH:0
BRF:0
BRH:0
end_of_record
TN:
SF:/Users/matthewacha/Documents/britcoreApps/favorite-things-front/src/components/FavoriteList.vue
FN:12,(anonymous_2)
FNF:1
FNH:0
FNDA:0,(anonymous_2)
DA:6,1
DA:12,0
DA:16,0
DA:20,0
LF:4
LH:1
BRDA:16,0,0,0
BRDA:16,0,1,0
BRF:2
BRH:0
end_of_record
TN:
SF:/Users/matthewacha/Documents/britcoreApps/favorite-things-front/src/components/Login.vue
FN:27,(anonymous_2)
FN:30,(anonymous_3)
FNF:2
FNH:1
FNDA:3,(anonymous_2)
FNDA:0,(anonymous_3)
DA:19,1
DA:20,1
DA:27,3
DA:30,0
DA:37,2
DA:38,2
DA:41,2
DA:42,2
DA:43,1
DA:44,1
DA:45,1
DA:47,1
DA:48,1
LF:13
LH:12
BRDA:30,0,0,0
BRDA:30,0,1,0
BRDA:30,1,0,0
BRDA:30,1,1,0
BRDA:30,1,2,0
BRDA:37,2,0,2
BRDA:37,2,1,0
BRF:7
BRH:1
end_of_record
TN:
SF:/Users/matthewacha/Documents/britcoreApps/favorite-things-front/src/services/api.js
FN:3,(anonymous_0)
FNF:1
FNH:0
FNDA:0,(anonymous_0)
DA:3,0
LF:1
LH:0
BRF:0
BRH:0
end_of_record
TN:
SF:/Users/matthewacha/Documents/britcoreApps/favorite-things-front/src/services/userService.js
FNF:0
FNH:0
DA:5,0
DA:6,0
LF:2
LH:0
BRF:0
BRH:0
end_of_record
TN:
SF:/Users/matthewacha/Documents/britcoreApps/favorite-things-front/src/views/About.vue
FNF:0
FNH:0
DA:9,1
LF:1
LH:1
BRF:0
BRH:0
end_of_record
TN:
SF:/Users/matthewacha/Documents/britcoreApps/favorite-things-front/src/views/Login.vue
FNF:0
FNH:0
DA:9,1
LF:1
LH:1
BRF:0
BRH:0
end_of_record
